<?xml version="1.0" encoding="UTF-8"?>
<!-- Generated by org.testng.reporters.JUnitReportReporter -->
<testsuite hostname="ASUS" failures="0" tests="1" name="com.star.tests.LoginTest" time="2.316" errors="0" timestamp="2025-02-06T01:31:06 IST" skipped="0">
  <testcase classname="com.star.tests.LoginTest" name="loginTest" time="2.316"/>
</testsuite> <!-- com.star.tests.LoginTest -->
