<?xml version="1.0" encoding="UTF-8"?>
<!-- Generated by org.testng.reporters.JUnitReportReporter -->
<testsuite hostname="ASUS" failures="0" tests="1" name="com.star.tests.LoginTest" time="1.970" errors="0" timestamp="2025-02-07T00:00:41 IST" skipped="0">
  <testcase classname="com.star.tests.LoginTest" name="loginTest" time="1.970"/>
</testsuite> <!-- com.star.tests.LoginTest -->
